<?xml version="1.0" encoding="UTF-8"?>
<testsuite xmlns:xsi="http://www.w3.org/2001/XMLSchema-instance" xsi:noNamespaceSchemaLocation="https://maven.apache.org/surefire/maven-surefire-plugin/xsd/surefire-test-report-3.0.xsd" version="3.0" name="com.phdata.SparkChargePointsTest" time="3.344" tests="7" errors="0" skipped="0" failures="0">
  <properties>
    <property name="java.specification.version" value="21"/>
    <property name="sun.jnu.encoding" value="UTF-8"/>
    <property name="java.class.path" value="/Users/ova/Projects/spark-change-points/target/test-classes:/Users/ova/Projects/spark-change-points/target/classes:/Users/ova/.m2/repository/org/apache/spark/spark-sql_2.13/4.0.0/spark-sql_2.13-4.0.0.jar:/Users/ova/.m2/repository/org/rocksdb/rocksdbjni/9.8.4/rocksdbjni-9.8.4.jar:/Users/ova/.m2/repository/com/univocity/univocity-parsers/2.9.1/univocity-parsers-2.9.1.jar:/Users/ova/.m2/repository/org/apache/spark/spark-sketch_2.13/4.0.0/spark-sketch_2.13-4.0.0.jar:/Users/ova/.m2/repository/org/apache/spark/spark-core_2.13/4.0.0/spark-core_2.13-4.0.0.jar:/Users/ova/.m2/repository/org/apache/avro/avro/1.12.0/avro-1.12.0.jar:/Users/ova/.m2/repository/org/apache/avro/avro-mapred/1.12.0/avro-mapred-1.12.0.jar:/Users/ova/.m2/repository/org/apache/avro/avro-ipc/1.12.0/avro-ipc-1.12.0.jar:/Users/ova/.m2/repository/org/tukaani/xz/1.10/xz-1.10.jar:/Users/ova/.m2/repository/com/twitter/chill_2.13/0.10.0/chill_2.13-0.10.0.jar:/Users/ova/.m2/repository/com/twitter/chill-java/0.10.0/chill-java-0.10.0.jar:/Users/ova/.m2/repository/com/esotericsoftware/kryo-shaded/4.0.3/kryo-shaded-4.0.3.jar:/Users/ova/.m2/repository/com/esotericsoftware/minlog/1.3.0/minlog-1.3.0.jar:/Users/ova/.m2/repository/org/objenesis/objenesis/3.3/objenesis-3.3.jar:/Users/ova/.m2/repository/org/apache/hadoop/hadoop-client-api/3.4.1/hadoop-client-api-3.4.1.jar:/Users/ova/.m2/repository/org/apache/hadoop/hadoop-client-runtime/3.4.1/hadoop-client-runtime-3.4.1.jar:/Users/ova/.m2/repository/org/apache/spark/spark-launcher_2.13/4.0.0/spark-launcher_2.13-4.0.0.jar:/Users/ova/.m2/repository/org/apache/spark/spark-kvstore_2.13/4.0.0/spark-kvstore_2.13-4.0.0.jar:/Users/ova/.m2/repository/org/fusesource/leveldbjni/leveldbjni-all/1.8/leveldbjni-all-1.8.jar:/Users/ova/.m2/repository/org/apache/spark/spark-network-common_2.13/4.0.0/spark-network-common_2.13-4.0.0.jar:/Users/ova/.m2/repository/io/netty/netty-tcnative-boringssl-static/2.0.70.Final/netty-tcnative-boringssl-static-2.0.70.Final-linux-x86_64.jar:/Users/ova/.m2/repository/io/netty/netty-tcnative-classes/2.0.70.Final/netty-tcnative-classes-2.0.70.Final.jar:/Users/ova/.m2/repository/io/netty/netty-tcnative-boringssl-static/2.0.70.Final/netty-tcnative-boringssl-static-2.0.70.Final-windows-x86_64.jar:/Users/ova/.m2/repository/io/netty/netty-tcnative-boringssl-static/2.0.70.Final/netty-tcnative-boringssl-static-2.0.70.Final-linux-aarch_64.jar:/Users/ova/.m2/repository/io/netty/netty-tcnative-boringssl-static/2.0.70.Final/netty-tcnative-boringssl-static-2.0.70.Final-osx-aarch_64.jar:/Users/ova/.m2/repository/io/netty/netty-tcnative-boringssl-static/2.0.70.Final/netty-tcnative-boringssl-static-2.0.70.Final-osx-x86_64.jar:/Users/ova/.m2/repository/com/google/crypto/tink/tink/1.16.0/tink-1.16.0.jar:/Users/ova/.m2/repository/com/google/code/gson/gson/2.11.0/gson-2.11.0.jar:/Users/ova/.m2/repository/org/apache/spark/spark-network-shuffle_2.13/4.0.0/spark-network-shuffle_2.13-4.0.0.jar:/Users/ova/.m2/repository/org/apache/spark/spark-unsafe_2.13/4.0.0/spark-unsafe_2.13-4.0.0.jar:/Users/ova/.m2/repository/org/apache/spark/spark-common-utils_2.13/4.0.0/spark-common-utils_2.13-4.0.0.jar:/Users/ova/.m2/repository/org/apache/ivy/ivy/2.5.3/ivy-2.5.3.jar:/Users/ova/.m2/repository/oro/oro/2.0.8/oro-2.0.8.jar:/Users/ova/.m2/repository/org/slf4j/jul-to-slf4j/2.0.16/jul-to-slf4j-2.0.16.jar:/Users/ova/.m2/repository/org/slf4j/jcl-over-slf4j/2.0.16/jcl-over-slf4j-2.0.16.jar:/Users/ova/.m2/repository/org/apache/logging/log4j/log4j-slf4j2-impl/2.24.3/log4j-slf4j2-impl-2.24.3.jar:/Users/ova/.m2/repository/org/apache/logging/log4j/log4j-api/2.24.3/log4j-api-2.24.3.jar:/Users/ova/.m2/repository/org/apache/logging/log4j/log4j-core/2.24.3/log4j-core-2.24.3.jar:/Users/ova/.m2/repository/org/apache/logging/log4j/log4j-1.2-api/2.24.3/log4j-1.2-api-2.24.3.jar:/Users/ova/.m2/repository/org/apache/logging/log4j/log4j-layout-template-json/2.24.3/log4j-layout-template-json-2.24.3.jar:/Users/ova/.m2/repository/org/apache/curator/curator-recipes/5.7.1/curator-recipes-5.7.1.jar:/Users/ova/.m2/repository/org/apache/curator/curator-framework/5.7.1/curator-framework-5.7.1.jar:/Users/ova/.m2/repository/org/apache/curator/curator-client/5.7.1/curator-client-5.7.1.jar:/Users/ova/.m2/repository/com/google/guava/guava/32.0.0-jre/guava-32.0.0-jre.jar:/Users/ova/.m2/repository/com/google/guava/failureaccess/1.0.1/failureaccess-1.0.1.jar:/Users/ova/.m2/repository/com/google/guava/listenablefuture/9999.0-empty-to-avoid-conflict-with-guava/listenablefuture-9999.0-empty-to-avoid-conflict-with-guava.jar:/Users/ova/.m2/repository/org/checkerframework/checker-qual/3.33.0/checker-qual-3.33.0.jar:/Users/ova/.m2/repository/com/google/errorprone/error_prone_annotations/2.18.0/error_prone_annotations-2.18.0.jar:/Users/ova/.m2/repository/com/google/j2objc/j2objc-annotations/2.8/j2objc-annotations-2.8.jar:/Users/ova/.m2/repository/org/apache/zookeeper/zookeeper/3.9.3/zookeeper-3.9.3.jar:/Users/ova/.m2/repository/org/apache/zookeeper/zookeeper-jute/3.9.3/zookeeper-jute-3.9.3.jar:/Users/ova/.m2/repository/org/apache/yetus/audience-annotations/0.12.0/audience-annotations-0.12.0.jar:/Users/ova/.m2/repository/io/jsonwebtoken/jjwt-api/0.12.6/jjwt-api-0.12.6.jar:/Users/ova/.m2/repository/io/jsonwebtoken/jjwt-impl/0.12.6/jjwt-impl-0.12.6.jar:/Users/ova/.m2/repository/io/jsonwebtoken/jjwt-jackson/0.12.6/jjwt-jackson-0.12.6.jar:/Users/ova/.m2/repository/javax/servlet/javax.servlet-api/4.0.1/javax.servlet-api-4.0.1.jar:/Users/ova/.m2/repository/jakarta/servlet/jakarta.servlet-api/5.0.0/jakarta.servlet-api-5.0.0.jar:/Users/ova/.m2/repository/commons-codec/commons-codec/1.17.2/commons-codec-1.17.2.jar:/Users/ova/.m2/repository/org/apache/commons/commons-compress/1.27.1/commons-compress-1.27.1.jar:/Users/ova/.m2/repository/org/apache/commons/commons-lang3/3.17.0/commons-lang3-3.17.0.jar:/Users/ova/.m2/repository/org/apache/commons/commons-math3/3.6.1/commons-math3-3.6.1.jar:/Users/ova/.m2/repository/org/apache/commons/commons-text/1.13.0/commons-text-1.13.0.jar:/Users/ova/.m2/repository/commons-io/commons-io/2.18.0/commons-io-2.18.0.jar:/Users/ova/.m2/repository/commons-collections/commons-collections/3.2.2/commons-collections-3.2.2.jar:/Users/ova/.m2/repository/org/apache/commons/commons-collections4/4.4/commons-collections4-4.4.jar:/Users/ova/.m2/repository/com/google/code/findbugs/jsr305/3.0.0/jsr305-3.0.0.jar:/Users/ova/.m2/repository/com/ning/compress-lzf/1.1.2/compress-lzf-1.1.2.jar:/Users/ova/.m2/repository/org/xerial/snappy/snappy-java/1.1.10.7/snappy-java-1.1.10.7.jar:/Users/ova/.m2/repository/org/lz4/lz4-java/1.8.0/lz4-java-1.8.0.jar:/Users/ova/.m2/repository/com/github/luben/zstd-jni/1.5.6-9/zstd-jni-1.5.6-9.jar:/Users/ova/.m2/repository/org/roaringbitmap/RoaringBitmap/1.3.0/RoaringBitmap-1.3.0.jar:/Users/ova/.m2/repository/org/scala-lang/modules/scala-xml_2.13/2.3.0/scala-xml_2.13-2.3.0.jar:/Users/ova/.m2/repository/org/scala-lang/scala-library/2.13.16/scala-library-2.13.16.jar:/Users/ova/.m2/repository/org/scala-lang/scala-reflect/2.13.16/scala-reflect-2.13.16.jar:/Users/ova/.m2/repository/org/json4s/json4s-jackson_2.13/4.0.7/json4s-jackson_2.13-4.0.7.jar:/Users/ova/.m2/repository/org/json4s/json4s-core_2.13/4.0.7/json4s-core_2.13-4.0.7.jar:/Users/ova/.m2/repository/org/json4s/json4s-ast_2.13/4.0.7/json4s-ast_2.13-4.0.7.jar:/Users/ova/.m2/repository/org/json4s/json4s-scalap_2.13/4.0.7/json4s-scalap_2.13-4.0.7.jar:/Users/ova/.m2/repository/org/json4s/json4s-jackson-core_2.13/4.0.7/json4s-jackson-core_2.13-4.0.7.jar:/Users/ova/.m2/repository/org/glassfish/jersey/core/jersey-client/3.0.16/jersey-client-3.0.16.jar:/Users/ova/.m2/repository/jakarta/ws/rs/jakarta.ws.rs-api/3.0.0/jakarta.ws.rs-api-3.0.0.jar:/Users/ova/.m2/repository/jakarta/inject/jakarta.inject-api/2.0.1/jakarta.inject-api-2.0.1.jar:/Users/ova/.m2/repository/org/glassfish/jersey/core/jersey-common/3.0.16/jersey-common-3.0.16.jar:/Users/ova/.m2/repository/jakarta/annotation/jakarta.annotation-api/2.1.1/jakarta.annotation-api-2.1.1.jar:/Users/ova/.m2/repository/org/glassfish/hk2/osgi-resource-locator/1.0.3/osgi-resource-locator-1.0.3.jar:/Users/ova/.m2/repository/org/glassfish/jersey/core/jersey-server/3.0.16/jersey-server-3.0.16.jar:/Users/ova/.m2/repository/jakarta/validation/jakarta.validation-api/3.0.2/jakarta.validation-api-3.0.2.jar:/Users/ova/.m2/repository/org/glassfish/jersey/containers/jersey-container-servlet/3.0.16/jersey-container-servlet-3.0.16.jar:/Users/ova/.m2/repository/org/glassfish/jersey/containers/jersey-container-servlet-core/3.0.16/jersey-container-servlet-core-3.0.16.jar:/Users/ova/.m2/repository/org/glassfish/jersey/inject/jersey-hk2/3.0.16/jersey-hk2-3.0.16.jar:/Users/ova/.m2/repository/org/glassfish/hk2/hk2-locator/3.0.6/hk2-locator-3.0.6.jar:/Users/ova/.m2/repository/org/glassfish/hk2/external/aopalliance-repackaged/3.0.6/aopalliance-repackaged-3.0.6.jar:/Users/ova/.m2/repository/org/glassfish/hk2/hk2-api/3.0.6/hk2-api-3.0.6.jar:/Users/ova/.m2/repository/org/glassfish/hk2/hk2-utils/3.0.6/hk2-utils-3.0.6.jar:/Users/ova/.m2/repository/org/javassist/javassist/3.30.2-GA/javassist-3.30.2-GA.jar:/Users/ova/.m2/repository/io/netty/netty-all/4.1.118.Final/netty-all-4.1.118.Final.jar:/Users/ova/.m2/repository/io/netty/netty-buffer/4.1.118.Final/netty-buffer-4.1.118.Final.jar:/Users/ova/.m2/repository/io/netty/netty-codec/4.1.118.Final/netty-codec-4.1.118.Final.jar:/Users/ova/.m2/repository/io/netty/netty-codec-dns/4.1.118.Final/netty-codec-dns-4.1.118.Final.jar:/Users/ova/.m2/repository/io/netty/netty-codec-http/4.1.118.Final/netty-codec-http-4.1.118.Final.jar:/Users/ova/.m2/repository/io/netty/netty-codec-http2/4.1.118.Final/netty-codec-http2-4.1.118.Final.jar:/Users/ova/.m2/repository/io/netty/netty-codec-socks/4.1.118.Final/netty-codec-socks-4.1.118.Final.jar:/Users/ova/.m2/repository/io/netty/netty-common/4.1.118.Final/netty-common-4.1.118.Final.jar:/Users/ova/.m2/repository/io/netty/netty-handler/4.1.118.Final/netty-handler-4.1.118.Final.jar:/Users/ova/.m2/repository/io/netty/netty-transport-native-unix-common/4.1.118.Final/netty-transport-native-unix-common-4.1.118.Final.jar:/Users/ova/.m2/repository/io/netty/netty-handler-proxy/4.1.118.Final/netty-handler-proxy-4.1.118.Final.jar:/Users/ova/.m2/repository/io/netty/netty-resolver/4.1.118.Final/netty-resolver-4.1.118.Final.jar:/Users/ova/.m2/repository/io/netty/netty-resolver-dns/4.1.118.Final/netty-resolver-dns-4.1.118.Final.jar:/Users/ova/.m2/repository/io/netty/netty-transport/4.1.118.Final/netty-transport-4.1.118.Final.jar:/Users/ova/.m2/repository/io/netty/netty-transport-classes-epoll/4.1.118.Final/netty-transport-classes-epoll-4.1.118.Final.jar:/Users/ova/.m2/repository/io/netty/netty-transport-classes-kqueue/4.1.118.Final/netty-transport-classes-kqueue-4.1.118.Final.jar:/Users/ova/.m2/repository/io/netty/netty-transport-native-epoll/4.1.118.Final/netty-transport-native-epoll-4.1.118.Final-linux-riscv64.jar:/Users/ova/.m2/repository/io/netty/netty-transport-native-epoll/4.1.118.Final/netty-transport-native-epoll-4.1.118.Final-linux-x86_64.jar:/Users/ova/.m2/repository/io/netty/netty-transport-native-epoll/4.1.118.Final/netty-transport-native-epoll-4.1.118.Final-linux-aarch_64.jar:/Users/ova/.m2/repository/io/netty/netty-transport-native-kqueue/4.1.118.Final/netty-transport-native-kqueue-4.1.118.Final-osx-aarch_64.jar:/Users/ova/.m2/repository/io/netty/netty-transport-native-kqueue/4.1.118.Final/netty-transport-native-kqueue-4.1.118.Final-osx-x86_64.jar:/Users/ova/.m2/repository/com/clearspring/analytics/stream/2.9.8/stream-2.9.8.jar:/Users/ova/.m2/repository/io/dropwizard/metrics/metrics-core/4.2.30/metrics-core-4.2.30.jar:/Users/ova/.m2/repository/io/dropwizard/metrics/metrics-jvm/4.2.30/metrics-jvm-4.2.30.jar:/Users/ova/.m2/repository/io/dropwizard/metrics/metrics-json/4.2.30/metrics-json-4.2.30.jar:/Users/ova/.m2/repository/io/dropwizard/metrics/metrics-graphite/4.2.30/metrics-graphite-4.2.30.jar:/Users/ova/.m2/repository/io/dropwizard/metrics/metrics-jmx/4.2.30/metrics-jmx-4.2.30.jar:/Users/ova/.m2/repository/com/fasterxml/jackson/module/jackson-module-scala_2.13/2.18.2/jackson-module-scala_2.13-2.18.2.jar:/Users/ova/.m2/repository/com/thoughtworks/paranamer/paranamer/2.8/paranamer-2.8.jar:/Users/ova/.m2/repository/net/razorvine/pickle/1.5/pickle-1.5.jar:/Users/ova/.m2/repository/net/sf/py4j/py4j/0.10.9.9/py4j-0.10.9.9.jar:/Users/ova/.m2/repository/org/apache/commons/commons-crypto/1.1.0/commons-crypto-1.1.0.jar:/Users/ova/.m2/repository/org/apache/spark/spark-catalyst_2.13/4.0.0/spark-catalyst_2.13-4.0.0.jar:/Users/ova/.m2/repository/org/apache/spark/spark-sql-api_2.13/4.0.0/spark-sql-api_2.13-4.0.0.jar:/Users/ova/.m2/repository/org/apache/spark/spark-variant_2.13/4.0.0/spark-variant_2.13-4.0.0.jar:/Users/ova/.m2/repository/org/codehaus/janino/janino/3.1.9/janino-3.1.9.jar:/Users/ova/.m2/repository/org/codehaus/janino/commons-compiler/3.1.9/commons-compiler-3.1.9.jar:/Users/ova/.m2/repository/org/apache/datasketches/datasketches-java/6.1.1/datasketches-java-6.1.1.jar:/Users/ova/.m2/repository/org/apache/datasketches/datasketches-memory/3.0.2/datasketches-memory-3.0.2.jar:/Users/ova/.m2/repository/org/scala-lang/modules/scala-parser-combinators_2.13/2.4.0/scala-parser-combinators_2.13-2.4.0.jar:/Users/ova/.m2/repository/org/antlr/antlr4-runtime/4.13.1/antlr4-runtime-4.13.1.jar:/Users/ova/.m2/repository/org/apache/arrow/arrow-vector/18.1.0/arrow-vector-18.1.0.jar:/Users/ova/.m2/repository/org/apache/arrow/arrow-format/18.1.0/arrow-format-18.1.0.jar:/Users/ova/.m2/repository/org/apache/arrow/arrow-memory-core/18.1.0/arrow-memory-core-18.1.0.jar:/Users/ova/.m2/repository/com/fasterxml/jackson/datatype/jackson-datatype-jsr310/2.18.2/jackson-datatype-jsr310-2.18.2.jar:/Users/ova/.m2/repository/com/google/flatbuffers/flatbuffers-java/24.3.25/flatbuffers-java-24.3.25.jar:/Users/ova/.m2/repository/org/apache/arrow/arrow-memory-netty/18.1.0/arrow-memory-netty-18.1.0.jar:/Users/ova/.m2/repository/org/apache/arrow/arrow-memory-netty-buffer-patch/18.1.0/arrow-memory-netty-buffer-patch-18.1.0.jar:/Users/ova/.m2/repository/org/apache/spark/spark-tags_2.13/4.0.0/spark-tags_2.13-4.0.0.jar:/Users/ova/.m2/repository/org/scala-lang/modules/scala-parallel-collections_2.13/1.2.0/scala-parallel-collections_2.13-1.2.0.jar:/Users/ova/.m2/repository/org/apache/orc/orc-format/1.1.0/orc-format-1.1.0-shaded-protobuf.jar:/Users/ova/.m2/repository/org/apache/orc/orc-core/2.1.2/orc-core-2.1.2-shaded-protobuf.jar:/Users/ova/.m2/repository/org/apache/orc/orc-shims/2.1.2/orc-shims-2.1.2.jar:/Users/ova/.m2/repository/io/airlift/aircompressor/2.0.2/aircompressor-2.0.2.jar:/Users/ova/.m2/repository/org/jetbrains/annotations/17.0.0/annotations-17.0.0.jar:/Users/ova/.m2/repository/org/slf4j/slf4j-api/2.0.16/slf4j-api-2.0.16.jar:/Users/ova/.m2/repository/org/threeten/threeten-extra/1.8.0/threeten-extra-1.8.0.jar:/Users/ova/.m2/repository/org/apache/orc/orc-mapreduce/2.1.2/orc-mapreduce-2.1.2-shaded-protobuf.jar:/Users/ova/.m2/repository/org/apache/hive/hive-storage-api/2.8.1/hive-storage-api-2.8.1.jar:/Users/ova/.m2/repository/org/apache/parquet/parquet-column/1.15.2/parquet-column-1.15.2.jar:/Users/ova/.m2/repository/org/apache/parquet/parquet-common/1.15.2/parquet-common-1.15.2.jar:/Users/ova/.m2/repository/org/apache/parquet/parquet-encoding/1.15.2/parquet-encoding-1.15.2.jar:/Users/ova/.m2/repository/org/apache/parquet/parquet-format-structures/1.15.2/parquet-format-structures-1.15.2.jar:/Users/ova/.m2/repository/javax/annotation/javax.annotation-api/1.3.2/javax.annotation-api-1.3.2.jar:/Users/ova/.m2/repository/org/apache/parquet/parquet-hadoop/1.15.2/parquet-hadoop-1.15.2.jar:/Users/ova/.m2/repository/org/apache/parquet/parquet-jackson/1.15.2/parquet-jackson-1.15.2.jar:/Users/ova/.m2/repository/com/fasterxml/jackson/core/jackson-databind/2.18.2/jackson-databind-2.18.2.jar:/Users/ova/.m2/repository/com/fasterxml/jackson/core/jackson-annotations/2.18.2/jackson-annotations-2.18.2.jar:/Users/ova/.m2/repository/com/fasterxml/jackson/core/jackson-core/2.18.2/jackson-core-2.18.2.jar:/Users/ova/.m2/repository/org/apache/ws/xmlschema/xmlschema-core/2.3.1/xmlschema-core-2.3.1.jar:/Users/ova/.m2/repository/org/apache/xbean/xbean-asm9-shaded/4.26/xbean-asm9-shaded-4.26.jar:/Users/ova/.m2/repository/com/google/protobuf/protobuf-java/4.29.3/protobuf-java-4.29.3.jar:/Users/ova/.m2/repository/com/ibm/icu/icu4j/76.1/icu4j-76.1.jar:/Users/ova/.m2/repository/junit/junit/4.11/junit-4.11.jar:/Users/ova/.m2/repository/org/hamcrest/hamcrest-core/1.3/hamcrest-core-1.3.jar:/Users/ova/.m2/repository/org/junit/jupiter/junit-jupiter/5.10.2/junit-jupiter-5.10.2.jar:/Users/ova/.m2/repository/org/junit/jupiter/junit-jupiter-api/5.10.2/junit-jupiter-api-5.10.2.jar:/Users/ova/.m2/repository/org/opentest4j/opentest4j/1.3.0/opentest4j-1.3.0.jar:/Users/ova/.m2/repository/org/junit/platform/junit-platform-commons/1.10.2/junit-platform-commons-1.10.2.jar:/Users/ova/.m2/repository/org/apiguardian/apiguardian-api/1.1.2/apiguardian-api-1.1.2.jar:/Users/ova/.m2/repository/org/junit/jupiter/junit-jupiter-params/5.10.2/junit-jupiter-params-5.10.2.jar:/Users/ova/.m2/repository/org/junit/jupiter/junit-jupiter-engine/5.10.2/junit-jupiter-engine-5.10.2.jar:/Users/ova/.m2/repository/org/junit/platform/junit-platform-engine/1.10.2/junit-platform-engine-1.10.2.jar:"/>
    <property name="java.vm.vendor" value="Eclipse Adoptium"/>
    <property name="sun.arch.data.model" value="64"/>
    <property name="java.vendor.url" value="https://adoptium.net/"/>
    <property name="user.timezone" value="America/Sao_Paulo"/>
    <property name="os.name" value="Mac OS X"/>
    <property name="java.vm.specification.version" value="21"/>
    <property name="jdk.lang.Process.launchMechanism" value="POSIX_SPAWN"/>
    <property name="sun.java.launcher" value="SUN_STANDARD"/>
    <property name="user.country" value="BR"/>
    <property name="sun.boot.library.path" value="/Library/Java/JavaVirtualMachines/temurin-21.jdk/Contents/Home/lib"/>
    <property name="sun.java.command" value="/Users/ova/Projects/spark-change-points/target/surefire/surefirebooter-20250715021924094_3.jar /Users/ova/Projects/spark-change-points/target/surefire 2025-07-15T02-19-24_066-jvmRun1 surefire-20250715021924094_1tmp surefire_0-20250715021924094_2tmp"/>
    <property name="http.nonProxyHosts" value="local|*.local|169.254/16|*.169.254/16"/>
    <property name="jdk.debug" value="release"/>
    <property name="surefire.test.class.path" value="/Users/ova/Projects/spark-change-points/target/test-classes:/Users/ova/Projects/spark-change-points/target/classes:/Users/ova/.m2/repository/org/apache/spark/spark-sql_2.13/4.0.0/spark-sql_2.13-4.0.0.jar:/Users/ova/.m2/repository/org/rocksdb/rocksdbjni/9.8.4/rocksdbjni-9.8.4.jar:/Users/ova/.m2/repository/com/univocity/univocity-parsers/2.9.1/univocity-parsers-2.9.1.jar:/Users/ova/.m2/repository/org/apache/spark/spark-sketch_2.13/4.0.0/spark-sketch_2.13-4.0.0.jar:/Users/ova/.m2/repository/org/apache/spark/spark-core_2.13/4.0.0/spark-core_2.13-4.0.0.jar:/Users/ova/.m2/repository/org/apache/avro/avro/1.12.0/avro-1.12.0.jar:/Users/ova/.m2/repository/org/apache/avro/avro-mapred/1.12.0/avro-mapred-1.12.0.jar:/Users/ova/.m2/repository/org/apache/avro/avro-ipc/1.12.0/avro-ipc-1.12.0.jar:/Users/ova/.m2/repository/org/tukaani/xz/1.10/xz-1.10.jar:/Users/ova/.m2/repository/com/twitter/chill_2.13/0.10.0/chill_2.13-0.10.0.jar:/Users/ova/.m2/repository/com/twitter/chill-java/0.10.0/chill-java-0.10.0.jar:/Users/ova/.m2/repository/com/esotericsoftware/kryo-shaded/4.0.3/kryo-shaded-4.0.3.jar:/Users/ova/.m2/repository/com/esotericsoftware/minlog/1.3.0/minlog-1.3.0.jar:/Users/ova/.m2/repository/org/objenesis/objenesis/3.3/objenesis-3.3.jar:/Users/ova/.m2/repository/org/apache/hadoop/hadoop-client-api/3.4.1/hadoop-client-api-3.4.1.jar:/Users/ova/.m2/repository/org/apache/hadoop/hadoop-client-runtime/3.4.1/hadoop-client-runtime-3.4.1.jar:/Users/ova/.m2/repository/org/apache/spark/spark-launcher_2.13/4.0.0/spark-launcher_2.13-4.0.0.jar:/Users/ova/.m2/repository/org/apache/spark/spark-kvstore_2.13/4.0.0/spark-kvstore_2.13-4.0.0.jar:/Users/ova/.m2/repository/org/fusesource/leveldbjni/leveldbjni-all/1.8/leveldbjni-all-1.8.jar:/Users/ova/.m2/repository/org/apache/spark/spark-network-common_2.13/4.0.0/spark-network-common_2.13-4.0.0.jar:/Users/ova/.m2/repository/io/netty/netty-tcnative-boringssl-static/2.0.70.Final/netty-tcnative-boringssl-static-2.0.70.Final-linux-x86_64.jar:/Users/ova/.m2/repository/io/netty/netty-tcnative-classes/2.0.70.Final/netty-tcnative-classes-2.0.70.Final.jar:/Users/ova/.m2/repository/io/netty/netty-tcnative-boringssl-static/2.0.70.Final/netty-tcnative-boringssl-static-2.0.70.Final-windows-x86_64.jar:/Users/ova/.m2/repository/io/netty/netty-tcnative-boringssl-static/2.0.70.Final/netty-tcnative-boringssl-static-2.0.70.Final-linux-aarch_64.jar:/Users/ova/.m2/repository/io/netty/netty-tcnative-boringssl-static/2.0.70.Final/netty-tcnative-boringssl-static-2.0.70.Final-osx-aarch_64.jar:/Users/ova/.m2/repository/io/netty/netty-tcnative-boringssl-static/2.0.70.Final/netty-tcnative-boringssl-static-2.0.70.Final-osx-x86_64.jar:/Users/ova/.m2/repository/com/google/crypto/tink/tink/1.16.0/tink-1.16.0.jar:/Users/ova/.m2/repository/com/google/code/gson/gson/2.11.0/gson-2.11.0.jar:/Users/ova/.m2/repository/org/apache/spark/spark-network-shuffle_2.13/4.0.0/spark-network-shuffle_2.13-4.0.0.jar:/Users/ova/.m2/repository/org/apache/spark/spark-unsafe_2.13/4.0.0/spark-unsafe_2.13-4.0.0.jar:/Users/ova/.m2/repository/org/apache/spark/spark-common-utils_2.13/4.0.0/spark-common-utils_2.13-4.0.0.jar:/Users/ova/.m2/repository/org/apache/ivy/ivy/2.5.3/ivy-2.5.3.jar:/Users/ova/.m2/repository/oro/oro/2.0.8/oro-2.0.8.jar:/Users/ova/.m2/repository/org/slf4j/jul-to-slf4j/2.0.16/jul-to-slf4j-2.0.16.jar:/Users/ova/.m2/repository/org/slf4j/jcl-over-slf4j/2.0.16/jcl-over-slf4j-2.0.16.jar:/Users/ova/.m2/repository/org/apache/logging/log4j/log4j-slf4j2-impl/2.24.3/log4j-slf4j2-impl-2.24.3.jar:/Users/ova/.m2/repository/org/apache/logging/log4j/log4j-api/2.24.3/log4j-api-2.24.3.jar:/Users/ova/.m2/repository/org/apache/logging/log4j/log4j-core/2.24.3/log4j-core-2.24.3.jar:/Users/ova/.m2/repository/org/apache/logging/log4j/log4j-1.2-api/2.24.3/log4j-1.2-api-2.24.3.jar:/Users/ova/.m2/repository/org/apache/logging/log4j/log4j-layout-template-json/2.24.3/log4j-layout-template-json-2.24.3.jar:/Users/ova/.m2/repository/org/apache/curator/curator-recipes/5.7.1/curator-recipes-5.7.1.jar:/Users/ova/.m2/repository/org/apache/curator/curator-framework/5.7.1/curator-framework-5.7.1.jar:/Users/ova/.m2/repository/org/apache/curator/curator-client/5.7.1/curator-client-5.7.1.jar:/Users/ova/.m2/repository/com/google/guava/guava/32.0.0-jre/guava-32.0.0-jre.jar:/Users/ova/.m2/repository/com/google/guava/failureaccess/1.0.1/failureaccess-1.0.1.jar:/Users/ova/.m2/repository/com/google/guava/listenablefuture/9999.0-empty-to-avoid-conflict-with-guava/listenablefuture-9999.0-empty-to-avoid-conflict-with-guava.jar:/Users/ova/.m2/repository/org/checkerframework/checker-qual/3.33.0/checker-qual-3.33.0.jar:/Users/ova/.m2/repository/com/google/errorprone/error_prone_annotations/2.18.0/error_prone_annotations-2.18.0.jar:/Users/ova/.m2/repository/com/google/j2objc/j2objc-annotations/2.8/j2objc-annotations-2.8.jar:/Users/ova/.m2/repository/org/apache/zookeeper/zookeeper/3.9.3/zookeeper-3.9.3.jar:/Users/ova/.m2/repository/org/apache/zookeeper/zookeeper-jute/3.9.3/zookeeper-jute-3.9.3.jar:/Users/ova/.m2/repository/org/apache/yetus/audience-annotations/0.12.0/audience-annotations-0.12.0.jar:/Users/ova/.m2/repository/io/jsonwebtoken/jjwt-api/0.12.6/jjwt-api-0.12.6.jar:/Users/ova/.m2/repository/io/jsonwebtoken/jjwt-impl/0.12.6/jjwt-impl-0.12.6.jar:/Users/ova/.m2/repository/io/jsonwebtoken/jjwt-jackson/0.12.6/jjwt-jackson-0.12.6.jar:/Users/ova/.m2/repository/javax/servlet/javax.servlet-api/4.0.1/javax.servlet-api-4.0.1.jar:/Users/ova/.m2/repository/jakarta/servlet/jakarta.servlet-api/5.0.0/jakarta.servlet-api-5.0.0.jar:/Users/ova/.m2/repository/commons-codec/commons-codec/1.17.2/commons-codec-1.17.2.jar:/Users/ova/.m2/repository/org/apache/commons/commons-compress/1.27.1/commons-compress-1.27.1.jar:/Users/ova/.m2/repository/org/apache/commons/commons-lang3/3.17.0/commons-lang3-3.17.0.jar:/Users/ova/.m2/repository/org/apache/commons/commons-math3/3.6.1/commons-math3-3.6.1.jar:/Users/ova/.m2/repository/org/apache/commons/commons-text/1.13.0/commons-text-1.13.0.jar:/Users/ova/.m2/repository/commons-io/commons-io/2.18.0/commons-io-2.18.0.jar:/Users/ova/.m2/repository/commons-collections/commons-collections/3.2.2/commons-collections-3.2.2.jar:/Users/ova/.m2/repository/org/apache/commons/commons-collections4/4.4/commons-collections4-4.4.jar:/Users/ova/.m2/repository/com/google/code/findbugs/jsr305/3.0.0/jsr305-3.0.0.jar:/Users/ova/.m2/repository/com/ning/compress-lzf/1.1.2/compress-lzf-1.1.2.jar:/Users/ova/.m2/repository/org/xerial/snappy/snappy-java/1.1.10.7/snappy-java-1.1.10.7.jar:/Users/ova/.m2/repository/org/lz4/lz4-java/1.8.0/lz4-java-1.8.0.jar:/Users/ova/.m2/repository/com/github/luben/zstd-jni/1.5.6-9/zstd-jni-1.5.6-9.jar:/Users/ova/.m2/repository/org/roaringbitmap/RoaringBitmap/1.3.0/RoaringBitmap-1.3.0.jar:/Users/ova/.m2/repository/org/scala-lang/modules/scala-xml_2.13/2.3.0/scala-xml_2.13-2.3.0.jar:/Users/ova/.m2/repository/org/scala-lang/scala-library/2.13.16/scala-library-2.13.16.jar:/Users/ova/.m2/repository/org/scala-lang/scala-reflect/2.13.16/scala-reflect-2.13.16.jar:/Users/ova/.m2/repository/org/json4s/json4s-jackson_2.13/4.0.7/json4s-jackson_2.13-4.0.7.jar:/Users/ova/.m2/repository/org/json4s/json4s-core_2.13/4.0.7/json4s-core_2.13-4.0.7.jar:/Users/ova/.m2/repository/org/json4s/json4s-ast_2.13/4.0.7/json4s-ast_2.13-4.0.7.jar:/Users/ova/.m2/repository/org/json4s/json4s-scalap_2.13/4.0.7/json4s-scalap_2.13-4.0.7.jar:/Users/ova/.m2/repository/org/json4s/json4s-jackson-core_2.13/4.0.7/json4s-jackson-core_2.13-4.0.7.jar:/Users/ova/.m2/repository/org/glassfish/jersey/core/jersey-client/3.0.16/jersey-client-3.0.16.jar:/Users/ova/.m2/repository/jakarta/ws/rs/jakarta.ws.rs-api/3.0.0/jakarta.ws.rs-api-3.0.0.jar:/Users/ova/.m2/repository/jakarta/inject/jakarta.inject-api/2.0.1/jakarta.inject-api-2.0.1.jar:/Users/ova/.m2/repository/org/glassfish/jersey/core/jersey-common/3.0.16/jersey-common-3.0.16.jar:/Users/ova/.m2/repository/jakarta/annotation/jakarta.annotation-api/2.1.1/jakarta.annotation-api-2.1.1.jar:/Users/ova/.m2/repository/org/glassfish/hk2/osgi-resource-locator/1.0.3/osgi-resource-locator-1.0.3.jar:/Users/ova/.m2/repository/org/glassfish/jersey/core/jersey-server/3.0.16/jersey-server-3.0.16.jar:/Users/ova/.m2/repository/jakarta/validation/jakarta.validation-api/3.0.2/jakarta.validation-api-3.0.2.jar:/Users/ova/.m2/repository/org/glassfish/jersey/containers/jersey-container-servlet/3.0.16/jersey-container-servlet-3.0.16.jar:/Users/ova/.m2/repository/org/glassfish/jersey/containers/jersey-container-servlet-core/3.0.16/jersey-container-servlet-core-3.0.16.jar:/Users/ova/.m2/repository/org/glassfish/jersey/inject/jersey-hk2/3.0.16/jersey-hk2-3.0.16.jar:/Users/ova/.m2/repository/org/glassfish/hk2/hk2-locator/3.0.6/hk2-locator-3.0.6.jar:/Users/ova/.m2/repository/org/glassfish/hk2/external/aopalliance-repackaged/3.0.6/aopalliance-repackaged-3.0.6.jar:/Users/ova/.m2/repository/org/glassfish/hk2/hk2-api/3.0.6/hk2-api-3.0.6.jar:/Users/ova/.m2/repository/org/glassfish/hk2/hk2-utils/3.0.6/hk2-utils-3.0.6.jar:/Users/ova/.m2/repository/org/javassist/javassist/3.30.2-GA/javassist-3.30.2-GA.jar:/Users/ova/.m2/repository/io/netty/netty-all/4.1.118.Final/netty-all-4.1.118.Final.jar:/Users/ova/.m2/repository/io/netty/netty-buffer/4.1.118.Final/netty-buffer-4.1.118.Final.jar:/Users/ova/.m2/repository/io/netty/netty-codec/4.1.118.Final/netty-codec-4.1.118.Final.jar:/Users/ova/.m2/repository/io/netty/netty-codec-dns/4.1.118.Final/netty-codec-dns-4.1.118.Final.jar:/Users/ova/.m2/repository/io/netty/netty-codec-http/4.1.118.Final/netty-codec-http-4.1.118.Final.jar:/Users/ova/.m2/repository/io/netty/netty-codec-http2/4.1.118.Final/netty-codec-http2-4.1.118.Final.jar:/Users/ova/.m2/repository/io/netty/netty-codec-socks/4.1.118.Final/netty-codec-socks-4.1.118.Final.jar:/Users/ova/.m2/repository/io/netty/netty-common/4.1.118.Final/netty-common-4.1.118.Final.jar:/Users/ova/.m2/repository/io/netty/netty-handler/4.1.118.Final/netty-handler-4.1.118.Final.jar:/Users/ova/.m2/repository/io/netty/netty-transport-native-unix-common/4.1.118.Final/netty-transport-native-unix-common-4.1.118.Final.jar:/Users/ova/.m2/repository/io/netty/netty-handler-proxy/4.1.118.Final/netty-handler-proxy-4.1.118.Final.jar:/Users/ova/.m2/repository/io/netty/netty-resolver/4.1.118.Final/netty-resolver-4.1.118.Final.jar:/Users/ova/.m2/repository/io/netty/netty-resolver-dns/4.1.118.Final/netty-resolver-dns-4.1.118.Final.jar:/Users/ova/.m2/repository/io/netty/netty-transport/4.1.118.Final/netty-transport-4.1.118.Final.jar:/Users/ova/.m2/repository/io/netty/netty-transport-classes-epoll/4.1.118.Final/netty-transport-classes-epoll-4.1.118.Final.jar:/Users/ova/.m2/repository/io/netty/netty-transport-classes-kqueue/4.1.118.Final/netty-transport-classes-kqueue-4.1.118.Final.jar:/Users/ova/.m2/repository/io/netty/netty-transport-native-epoll/4.1.118.Final/netty-transport-native-epoll-4.1.118.Final-linux-riscv64.jar:/Users/ova/.m2/repository/io/netty/netty-transport-native-epoll/4.1.118.Final/netty-transport-native-epoll-4.1.118.Final-linux-x86_64.jar:/Users/ova/.m2/repository/io/netty/netty-transport-native-epoll/4.1.118.Final/netty-transport-native-epoll-4.1.118.Final-linux-aarch_64.jar:/Users/ova/.m2/repository/io/netty/netty-transport-native-kqueue/4.1.118.Final/netty-transport-native-kqueue-4.1.118.Final-osx-aarch_64.jar:/Users/ova/.m2/repository/io/netty/netty-transport-native-kqueue/4.1.118.Final/netty-transport-native-kqueue-4.1.118.Final-osx-x86_64.jar:/Users/ova/.m2/repository/com/clearspring/analytics/stream/2.9.8/stream-2.9.8.jar:/Users/ova/.m2/repository/io/dropwizard/metrics/metrics-core/4.2.30/metrics-core-4.2.30.jar:/Users/ova/.m2/repository/io/dropwizard/metrics/metrics-jvm/4.2.30/metrics-jvm-4.2.30.jar:/Users/ova/.m2/repository/io/dropwizard/metrics/metrics-json/4.2.30/metrics-json-4.2.30.jar:/Users/ova/.m2/repository/io/dropwizard/metrics/metrics-graphite/4.2.30/metrics-graphite-4.2.30.jar:/Users/ova/.m2/repository/io/dropwizard/metrics/metrics-jmx/4.2.30/metrics-jmx-4.2.30.jar:/Users/ova/.m2/repository/com/fasterxml/jackson/module/jackson-module-scala_2.13/2.18.2/jackson-module-scala_2.13-2.18.2.jar:/Users/ova/.m2/repository/com/thoughtworks/paranamer/paranamer/2.8/paranamer-2.8.jar:/Users/ova/.m2/repository/net/razorvine/pickle/1.5/pickle-1.5.jar:/Users/ova/.m2/repository/net/sf/py4j/py4j/0.10.9.9/py4j-0.10.9.9.jar:/Users/ova/.m2/repository/org/apache/commons/commons-crypto/1.1.0/commons-crypto-1.1.0.jar:/Users/ova/.m2/repository/org/apache/spark/spark-catalyst_2.13/4.0.0/spark-catalyst_2.13-4.0.0.jar:/Users/ova/.m2/repository/org/apache/spark/spark-sql-api_2.13/4.0.0/spark-sql-api_2.13-4.0.0.jar:/Users/ova/.m2/repository/org/apache/spark/spark-variant_2.13/4.0.0/spark-variant_2.13-4.0.0.jar:/Users/ova/.m2/repository/org/codehaus/janino/janino/3.1.9/janino-3.1.9.jar:/Users/ova/.m2/repository/org/codehaus/janino/commons-compiler/3.1.9/commons-compiler-3.1.9.jar:/Users/ova/.m2/repository/org/apache/datasketches/datasketches-java/6.1.1/datasketches-java-6.1.1.jar:/Users/ova/.m2/repository/org/apache/datasketches/datasketches-memory/3.0.2/datasketches-memory-3.0.2.jar:/Users/ova/.m2/repository/org/scala-lang/modules/scala-parser-combinators_2.13/2.4.0/scala-parser-combinators_2.13-2.4.0.jar:/Users/ova/.m2/repository/org/antlr/antlr4-runtime/4.13.1/antlr4-runtime-4.13.1.jar:/Users/ova/.m2/repository/org/apache/arrow/arrow-vector/18.1.0/arrow-vector-18.1.0.jar:/Users/ova/.m2/repository/org/apache/arrow/arrow-format/18.1.0/arrow-format-18.1.0.jar:/Users/ova/.m2/repository/org/apache/arrow/arrow-memory-core/18.1.0/arrow-memory-core-18.1.0.jar:/Users/ova/.m2/repository/com/fasterxml/jackson/datatype/jackson-datatype-jsr310/2.18.2/jackson-datatype-jsr310-2.18.2.jar:/Users/ova/.m2/repository/com/google/flatbuffers/flatbuffers-java/24.3.25/flatbuffers-java-24.3.25.jar:/Users/ova/.m2/repository/org/apache/arrow/arrow-memory-netty/18.1.0/arrow-memory-netty-18.1.0.jar:/Users/ova/.m2/repository/org/apache/arrow/arrow-memory-netty-buffer-patch/18.1.0/arrow-memory-netty-buffer-patch-18.1.0.jar:/Users/ova/.m2/repository/org/apache/spark/spark-tags_2.13/4.0.0/spark-tags_2.13-4.0.0.jar:/Users/ova/.m2/repository/org/scala-lang/modules/scala-parallel-collections_2.13/1.2.0/scala-parallel-collections_2.13-1.2.0.jar:/Users/ova/.m2/repository/org/apache/orc/orc-format/1.1.0/orc-format-1.1.0-shaded-protobuf.jar:/Users/ova/.m2/repository/org/apache/orc/orc-core/2.1.2/orc-core-2.1.2-shaded-protobuf.jar:/Users/ova/.m2/repository/org/apache/orc/orc-shims/2.1.2/orc-shims-2.1.2.jar:/Users/ova/.m2/repository/io/airlift/aircompressor/2.0.2/aircompressor-2.0.2.jar:/Users/ova/.m2/repository/org/jetbrains/annotations/17.0.0/annotations-17.0.0.jar:/Users/ova/.m2/repository/org/slf4j/slf4j-api/2.0.16/slf4j-api-2.0.16.jar:/Users/ova/.m2/repository/org/threeten/threeten-extra/1.8.0/threeten-extra-1.8.0.jar:/Users/ova/.m2/repository/org/apache/orc/orc-mapreduce/2.1.2/orc-mapreduce-2.1.2-shaded-protobuf.jar:/Users/ova/.m2/repository/org/apache/hive/hive-storage-api/2.8.1/hive-storage-api-2.8.1.jar:/Users/ova/.m2/repository/org/apache/parquet/parquet-column/1.15.2/parquet-column-1.15.2.jar:/Users/ova/.m2/repository/org/apache/parquet/parquet-common/1.15.2/parquet-common-1.15.2.jar:/Users/ova/.m2/repository/org/apache/parquet/parquet-encoding/1.15.2/parquet-encoding-1.15.2.jar:/Users/ova/.m2/repository/org/apache/parquet/parquet-format-structures/1.15.2/parquet-format-structures-1.15.2.jar:/Users/ova/.m2/repository/javax/annotation/javax.annotation-api/1.3.2/javax.annotation-api-1.3.2.jar:/Users/ova/.m2/repository/org/apache/parquet/parquet-hadoop/1.15.2/parquet-hadoop-1.15.2.jar:/Users/ova/.m2/repository/org/apache/parquet/parquet-jackson/1.15.2/parquet-jackson-1.15.2.jar:/Users/ova/.m2/repository/com/fasterxml/jackson/core/jackson-databind/2.18.2/jackson-databind-2.18.2.jar:/Users/ova/.m2/repository/com/fasterxml/jackson/core/jackson-annotations/2.18.2/jackson-annotations-2.18.2.jar:/Users/ova/.m2/repository/com/fasterxml/jackson/core/jackson-core/2.18.2/jackson-core-2.18.2.jar:/Users/ova/.m2/repository/org/apache/ws/xmlschema/xmlschema-core/2.3.1/xmlschema-core-2.3.1.jar:/Users/ova/.m2/repository/org/apache/xbean/xbean-asm9-shaded/4.26/xbean-asm9-shaded-4.26.jar:/Users/ova/.m2/repository/com/google/protobuf/protobuf-java/4.29.3/protobuf-java-4.29.3.jar:/Users/ova/.m2/repository/com/ibm/icu/icu4j/76.1/icu4j-76.1.jar:/Users/ova/.m2/repository/junit/junit/4.11/junit-4.11.jar:/Users/ova/.m2/repository/org/hamcrest/hamcrest-core/1.3/hamcrest-core-1.3.jar:/Users/ova/.m2/repository/org/junit/jupiter/junit-jupiter/5.10.2/junit-jupiter-5.10.2.jar:/Users/ova/.m2/repository/org/junit/jupiter/junit-jupiter-api/5.10.2/junit-jupiter-api-5.10.2.jar:/Users/ova/.m2/repository/org/opentest4j/opentest4j/1.3.0/opentest4j-1.3.0.jar:/Users/ova/.m2/repository/org/junit/platform/junit-platform-commons/1.10.2/junit-platform-commons-1.10.2.jar:/Users/ova/.m2/repository/org/apiguardian/apiguardian-api/1.1.2/apiguardian-api-1.1.2.jar:/Users/ova/.m2/repository/org/junit/jupiter/junit-jupiter-params/5.10.2/junit-jupiter-params-5.10.2.jar:/Users/ova/.m2/repository/org/junit/jupiter/junit-jupiter-engine/5.10.2/junit-jupiter-engine-5.10.2.jar:/Users/ova/.m2/repository/org/junit/platform/junit-platform-engine/1.10.2/junit-platform-engine-1.10.2.jar:"/>
    <property name="sun.cpu.endian" value="little"/>
    <property name="user.home" value="/Users/ova"/>
    <property name="user.language" value="en"/>
    <property name="java.specification.vendor" value="Oracle Corporation"/>
    <property name="java.version.date" value="2025-04-15"/>
    <property name="java.home" value="/Library/Java/JavaVirtualMachines/temurin-21.jdk/Contents/Home"/>
    <property name="file.separator" value="/"/>
    <property name="basedir" value="/Users/ova/Projects/spark-change-points"/>
    <property name="java.vm.compressedOopsMode" value="Non-zero based"/>
    <property name="line.separator" value="&#10;"/>
    <property name="java.vm.specification.vendor" value="Oracle Corporation"/>
    <property name="java.specification.name" value="Java Platform API Specification"/>
    <property name="apple.awt.application.name" value="ForkedBooter"/>
    <property name="surefire.real.class.path" value="/Users/ova/Projects/spark-change-points/target/surefire/surefirebooter-20250715021924094_3.jar"/>
    <property name="sun.management.compiler" value="HotSpot 64-Bit Tiered Compilers"/>
    <property name="ftp.nonProxyHosts" value="local|*.local|169.254/16|*.169.254/16"/>
    <property name="java.runtime.version" value="21.0.7+6-LTS"/>
    <property name="user.name" value="ova"/>
    <property name="stdout.encoding" value="UTF-8"/>
    <property name="path.separator" value=":"/>
    <property name="os.version" value="15.2"/>
    <property name="java.runtime.name" value="OpenJDK Runtime Environment"/>
    <property name="file.encoding" value="UTF-8"/>
    <property name="java.vm.name" value="OpenJDK 64-Bit Server VM"/>
    <property name="java.vendor.version" value="Temurin-21.0.7+6"/>
    <property name="localRepository" value="/Users/ova/.m2/repository"/>
    <property name="java.vendor.url.bug" value="https://github.com/adoptium/adoptium-support/issues"/>
    <property name="jetty.git.hash" value="5dfc59a691b748796f922208956bd1f2794bcd16"/>
    <property name="java.io.tmpdir" value="/var/folders/14/52y2hz4j46s7_h04n92vcrx00000gn/T/"/>
    <property name="java.version" value="21.0.7"/>
    <property name="user.dir" value="/Users/ova/Projects/spark-change-points"/>
    <property name="os.arch" value="aarch64"/>
    <property name="java.vm.specification.name" value="Java Virtual Machine Specification"/>
    <property name="native.encoding" value="UTF-8"/>
    <property name="java.library.path" value="/Users/ova/Library/Java/Extensions:/Library/Java/Extensions:/Network/Library/Java/Extensions:/System/Library/Java/Extensions:/usr/lib/java:."/>
    <property name="java.vm.info" value="mixed mode, sharing"/>
    <property name="stderr.encoding" value="UTF-8"/>
    <property name="java.vendor" value="Eclipse Adoptium"/>
    <property name="java.vm.version" value="21.0.7+6-LTS"/>
    <property name="sun.io.unicode.encoding" value="UnicodeBig"/>
    <property name="socksNonProxyHosts" value="local|*.local|169.254/16|*.169.254/16"/>
    <property name="java.class.version" value="65.0"/>
  </properties>
  <testcase name="testExtractReadsCsv" classname="com.phdata.SparkChargePointsTest" time="1.379">
    <system-err><![CDATA[Using Spark's default log4j profile: org/apache/spark/log4j2-defaults.properties
25/07/15 02:19:24 WARN Utils: Your hostname, Osvaldos-MacBook-Pro-2.local, resolves to a loopback address: 127.0.0.1; using 192.168.68.29 instead (on interface en0)
25/07/15 02:19:24 WARN Utils: Set SPARK_LOCAL_IP if you need to bind to another address
25/07/15 02:19:24 INFO SparkContext: Running Spark version 4.0.0
25/07/15 02:19:24 INFO SparkContext: OS info Mac OS X, 15.2, aarch64
25/07/15 02:19:24 INFO SparkContext: Java version 21.0.7
25/07/15 02:19:24 WARN NativeCodeLoader: Unable to load native-hadoop library for your platform... using builtin-java classes where applicable
25/07/15 02:19:24 INFO ResourceUtils: ==============================================================
25/07/15 02:19:24 INFO ResourceUtils: No custom resources configured for spark.driver.
25/07/15 02:19:24 INFO ResourceUtils: ==============================================================
25/07/15 02:19:24 INFO SparkContext: Submitted application: spark-test
25/07/15 02:19:24 INFO ResourceProfile: Default ResourceProfile created, executor resources: Map(cores -> name: cores, amount: 1, script: , vendor: , memory -> name: memory, amount: 1024, script: , vendor: , offHeap -> name: offHeap, amount: 0, script: , vendor: ), task resources: Map(cpus -> name: cpus, amount: 1.0)
25/07/15 02:19:24 INFO ResourceProfile: Limiting resource is cpu
25/07/15 02:19:24 INFO ResourceProfileManager: Added ResourceProfile id: 0
25/07/15 02:19:24 INFO SecurityManager: Changing view acls to: ova
25/07/15 02:19:24 INFO SecurityManager: Changing modify acls to: ova
25/07/15 02:19:24 INFO SecurityManager: Changing view acls groups to: ova
25/07/15 02:19:24 INFO SecurityManager: Changing modify acls groups to: ova
25/07/15 02:19:24 INFO SecurityManager: SecurityManager: authentication disabled; ui acls disabled; users with view permissions: ova groups with view permissions: EMPTY; users with modify permissions: ova; groups with modify permissions: EMPTY; RPC SSL disabled
25/07/15 02:19:24 INFO Utils: Successfully started service 'sparkDriver' on port 61024.
25/07/15 02:19:24 INFO SparkEnv: Registering MapOutputTracker
25/07/15 02:19:25 INFO SparkEnv: Registering BlockManagerMaster
25/07/15 02:19:25 INFO BlockManagerMasterEndpoint: Using org.apache.spark.storage.DefaultTopologyMapper for getting topology information
25/07/15 02:19:25 INFO BlockManagerMasterEndpoint: BlockManagerMasterEndpoint up
25/07/15 02:19:25 INFO SparkEnv: Registering BlockManagerMasterHeartbeat
25/07/15 02:19:25 INFO DiskBlockManager: Created local directory at /private/var/folders/14/52y2hz4j46s7_h04n92vcrx00000gn/T/blockmgr-89cb259d-875b-4221-87a9-e4641921ead4
25/07/15 02:19:25 INFO SparkEnv: Registering OutputCommitCoordinator
25/07/15 02:19:25 INFO JettyUtils: Start Jetty 0.0.0.0:4040 for SparkUI
25/07/15 02:19:25 INFO Utils: Successfully started service 'SparkUI' on port 4040.
25/07/15 02:19:25 INFO SecurityManager: Changing view acls to: ova
25/07/15 02:19:25 INFO SecurityManager: Changing modify acls to: ova
25/07/15 02:19:25 INFO SecurityManager: Changing view acls groups to: ova
25/07/15 02:19:25 INFO SecurityManager: Changing modify acls groups to: ova
25/07/15 02:19:25 INFO SecurityManager: SecurityManager: authentication disabled; ui acls disabled; users with view permissions: ova groups with view permissions: EMPTY; users with modify permissions: ova; groups with modify permissions: EMPTY; RPC SSL disabled
25/07/15 02:19:25 INFO Executor: Starting executor ID driver on host 192.168.68.29
25/07/15 02:19:25 INFO Executor: OS info Mac OS X, 15.2, aarch64
25/07/15 02:19:25 INFO Executor: Java version 21.0.7
25/07/15 02:19:25 INFO Executor: Starting executor with user classpath (userClassPathFirst = false): ''
25/07/15 02:19:25 INFO Executor: Created or updated repl class loader org.apache.spark.util.MutableURLClassLoader@7645e64 for default.
25/07/15 02:19:25 INFO Utils: Successfully started service 'org.apache.spark.network.netty.NettyBlockTransferService' on port 61025.
25/07/15 02:19:25 INFO NettyBlockTransferService: Server created on 192.168.68.29:61025
25/07/15 02:19:25 INFO BlockManager: Using org.apache.spark.storage.RandomBlockReplicationPolicy for block replication policy
25/07/15 02:19:25 INFO BlockManagerMaster: Registering BlockManager BlockManagerId(driver, 192.168.68.29, 61025, None)
25/07/15 02:19:25 INFO BlockManagerMasterEndpoint: Registering block manager 192.168.68.29:61025 with 17.5 GiB RAM, BlockManagerId(driver, 192.168.68.29, 61025, None)
25/07/15 02:19:25 INFO BlockManagerMaster: Registered BlockManager BlockManagerId(driver, 192.168.68.29, 61025, None)
25/07/15 02:19:25 INFO BlockManager: Initialized BlockManager: BlockManagerId(driver, 192.168.68.29, 61025, None)
]]></system-err>
  </testcase>
  <testcase name="testIsolationBetweenChargepoints" classname="com.phdata.SparkChargePointsTest" time="0.295"/>
  <testcase name="testDurationMultipleDays" classname="com.phdata.SparkChargePointsTest" time="0.052"/>
  <testcase name="testAvgDuration" classname="com.phdata.SparkChargePointsTest" time="0.052"/>
  <testcase name="testMinuteGranularity" classname="com.phdata.SparkChargePointsTest" time="0.043"/>
  <testcase name="testMaxDurationCrossMidnight" classname="com.phdata.SparkChargePointsTest" time="0.047"/>
  <testcase name="testLoadCreatesSingleParquet" classname="com.phdata.SparkChargePointsTest" time="0.479"/>
</testsuite>